<?xml version="1.0" encoding="UTF-8"?>
<testng-results skipped="0" failed="0" ignored="0" total="1" passed="1">
  <reporter-output>
  </reporter-output>
  <suite name="Default suite" duration-ms="1766" started-at="2019-06-06T17:23:48Z" finished-at="2019-06-06T17:23:49Z">
    <groups>
    </groups>
    <test name="Default test" duration-ms="1766" started-at="2019-06-06T17:23:48Z" finished-at="2019-06-06T17:23:49Z">
      <class name="RestAssured.RestAssured.Work2Post">
        <test-method status="PASS" signature="work2Post()[pri:0, instance:RestAssured.RestAssured.Work2Post@be92ad]" name="work2Post" duration-ms="1746" started-at="2019-06-06T22:53:48Z" finished-at="2019-06-06T22:53:49Z">
          <reporter-output>
          </reporter-output>
        </test-method> <!-- work2Post -->
      </class> <!-- RestAssured.RestAssured.Work2Post -->
    </test> <!-- Default test -->
  </suite> <!-- Default suite -->
</testng-results>
